[debug] [2019-02-06T14:11:16.022Z] ----------------------------------------------------------------------
[debug] [2019-02-06T14:11:16.026Z] Command:       /usr/local/Cellar/node/11.1.0/bin/node /usr/local/bin/firebase deploy --debug
[debug] [2019-02-06T14:11:16.027Z] CLI Version:   6.3.0
[debug] [2019-02-06T14:11:16.027Z] Platform:      darwin
[debug] [2019-02-06T14:11:16.027Z] Node Version:  v11.1.0
[debug] [2019-02-06T14:11:16.028Z] Time:          Wed Feb 06 2019 23:11:16 GMT+0900 (日本標準時)
[debug] [2019-02-06T14:11:16.028Z] ----------------------------------------------------------------------
[debug] 
[debug] [2019-02-06T14:11:16.042Z] > command requires scopes: ["email","openid","https://www.googleapis.com/auth/cloudplatformprojects.readonly","https://www.googleapis.com/auth/firebase","https://www.googleapis.com/auth/cloud-platform"]
[debug] [2019-02-06T14:11:16.043Z] > authorizing via signed-in user
[debug] [2019-02-06T14:11:16.043Z] [iam] checking project dd5tools for permissions ["firebase.projects.get","firebasehosting.sites.update"]
[debug] [2019-02-06T14:11:16.045Z] > refreshing access token with scopes: ["email","https://www.googleapis.com/auth/cloud-platform","https://www.googleapis.com/auth/cloudplatformprojects.readonly","https://www.googleapis.com/auth/firebase","openid"]
[debug] [2019-02-06T14:11:16.046Z] >>> HTTP REQUEST POST https://www.googleapis.com/oauth2/v3/token  
 <request body omitted>
[debug] [2019-02-06T14:11:16.300Z] <<< HTTP RESPONSE 200
[debug] [2019-02-06T14:11:16.349Z] >>> HTTP REQUEST POST https://cloudresourcemanager.googleapis.com/v1/projects/dd5tools:testIamPermissions  

[debug] [2019-02-06T14:11:17.183Z] <<< HTTP RESPONSE 200
[debug] [2019-02-06T14:11:17.186Z] >>> HTTP REQUEST GET https://firebase.googleapis.com/v1beta1/projects/dd5tools  
 
[debug] [2019-02-06T14:11:17.899Z] <<< HTTP RESPONSE 200
[info] 
[info] === Deploying to 'dd5tools'...
[info] 
[info] i  deploying hosting
[debug] [2019-02-06T14:11:17.906Z] >>> HTTP REQUEST POST https://firebasehosting.googleapis.com/v1beta1/sites/dd5tools/versions  

[debug] [2019-02-06T14:11:18.917Z] <<< HTTP RESPONSE 500
[debug] [2019-02-06T14:11:18.917Z] <<< HTTP RESPONSE BODY
[error] 
[error] Error: HTTP Error: 500, Internal error encountered.
[debug] [2019-02-06T14:11:19.037Z] Error Context: {
  "body": {
    "error": {
      "code": 500,
      "message": "Internal error encountered.",
      "status": "INTERNAL"
    }
  },
  "response": {
    "statusCode": 500,
    "body": {
      "error": {
        "code": 500,
        "message": "Internal error encountered.",
        "status": "INTERNAL"
      }
    },
    "headers": {
      "vary": "X-Origin, Referer, Origin,Accept-Encoding",
      "content-type": "application/json; charset=UTF-8",
      "date": "Wed, 06 Feb 2019 14:11:18 GMT",
      "server": "ESF",
      "cache-control": "private",
      "x-xss-protection": "1; mode=block",
      "x-frame-options": "SAMEORIGIN",
      "x-content-type-options": "nosniff",
      "alt-svc": "quic=\":443\"; ma=2592000; v=\"44,43,39\"",
      "accept-ranges": "none",
      "transfer-encoding": "chunked"
    },
    "request": {
      "uri": {
        "protocol": "https:",
        "slashes": true,
        "auth": null,
        "host": "firebasehosting.googleapis.com",
        "port": 443,
        "hostname": "firebasehosting.googleapis.com",
        "hash": null,
        "search": null,
        "query": null,
        "pathname": "/v1beta1/sites/dd5tools/versions",
        "path": "/v1beta1/sites/dd5tools/versions",
        "href": "https://firebasehosting.googleapis.com/v1beta1/sites/dd5tools/versions"
      },
      "method": "POST"
    }
  }
}
[debug] [2019-02-06T14:30:46.112Z] ----------------------------------------------------------------------
[debug] [2019-02-06T14:30:46.118Z] Command:       /usr/local/Cellar/node/11.1.0/bin/node /usr/local/bin/firebase deploy --debug
[debug] [2019-02-06T14:30:46.118Z] CLI Version:   6.3.0
[debug] [2019-02-06T14:30:46.118Z] Platform:      darwin
[debug] [2019-02-06T14:30:46.119Z] Node Version:  v11.1.0
[debug] [2019-02-06T14:30:46.120Z] Time:          Wed Feb 06 2019 23:30:46 GMT+0900 (日本標準時)
[debug] [2019-02-06T14:30:46.120Z] ----------------------------------------------------------------------
[debug] 
[debug] [2019-02-06T14:30:46.147Z] > command requires scopes: ["email","openid","https://www.googleapis.com/auth/cloudplatformprojects.readonly","https://www.googleapis.com/auth/firebase","https://www.googleapis.com/auth/cloud-platform"]
[debug] [2019-02-06T14:30:46.147Z] > authorizing via signed-in user
[debug] [2019-02-06T14:30:46.148Z] [iam] checking project dd5tools for permissions ["firebase.projects.get","firebasehosting.sites.update"]
[debug] [2019-02-06T14:30:46.150Z] >>> HTTP REQUEST POST https://cloudresourcemanager.googleapis.com/v1/projects/dd5tools:testIamPermissions  

[debug] [2019-02-06T14:30:47.039Z] <<< HTTP RESPONSE 200
[debug] [2019-02-06T14:30:47.043Z] >>> HTTP REQUEST GET https://firebase.googleapis.com/v1beta1/projects/dd5tools  
 
[debug] [2019-02-06T14:30:47.843Z] <<< HTTP RESPONSE 200
[info] 
[info] === Deploying to 'dd5tools'...
[info] 
[info] i  deploying hosting
[debug] [2019-02-06T14:30:47.850Z] >>> HTTP REQUEST POST https://firebasehosting.googleapis.com/v1beta1/sites/dd5tools/versions  

[debug] [2019-02-06T14:30:48.968Z] <<< HTTP RESPONSE 500
[debug] [2019-02-06T14:30:48.969Z] <<< HTTP RESPONSE BODY
[error] 
[error] Error: HTTP Error: 500, Internal error encountered.
[debug] [2019-02-06T14:30:50.144Z] Error Context: {
  "body": {
    "error": {
      "code": 500,
      "message": "Internal error encountered.",
      "status": "INTERNAL"
    }
  },
  "response": {
    "statusCode": 500,
    "body": {
      "error": {
        "code": 500,
        "message": "Internal error encountered.",
        "status": "INTERNAL"
      }
    },
    "headers": {
      "vary": "X-Origin, Referer, Origin,Accept-Encoding",
      "content-type": "application/json; charset=UTF-8",
      "date": "Wed, 06 Feb 2019 14:30:48 GMT",
      "server": "ESF",
      "cache-control": "private",
      "x-xss-protection": "1; mode=block",
      "x-frame-options": "SAMEORIGIN",
      "x-content-type-options": "nosniff",
      "alt-svc": "quic=\":443\"; ma=2592000; v=\"44,43,39\"",
      "accept-ranges": "none",
      "transfer-encoding": "chunked"
    },
    "request": {
      "uri": {
        "protocol": "https:",
        "slashes": true,
        "auth": null,
        "host": "firebasehosting.googleapis.com",
        "port": 443,
        "hostname": "firebasehosting.googleapis.com",
        "hash": null,
        "search": null,
        "query": null,
        "pathname": "/v1beta1/sites/dd5tools/versions",
        "path": "/v1beta1/sites/dd5tools/versions",
        "href": "https://firebasehosting.googleapis.com/v1beta1/sites/dd5tools/versions"
      },
      "method": "POST"
    }
  }
}
